<?xml version="1.0" encoding="UTF-8" standalone="yes"?><testsuite errors="0" failures="0" hostName="Mac-1674031304496.local" name="JSystem Reporter" tests="8" time="156.237" timeStamp="Wed Jan 18 09:08:12 UTC 2023"><testcase classname="MSK_APP.General" name="StartApp" time="66.159"/><testcase classname="MSK_APP.Test.Phone_verification" name="Click_country_picker" time="26.716"/><testcase classname="MSK_APP.Test.Phone_verification" name="Select_country" time="7.457"/><testcase classname="MSK_APP.Test.Phone_verification" name="click_select_region" time="5.15"/><testcase classname="MSK_APP.Test.Phone_verification" name="Enter_phone_number" time="9.691"/><testcase classname="MSK_APP.Test.Phone_verification" name="click_Get_code_button" time="5.51"/><testcase classname="MSK_APP.Test.VarificationCode" name="Enter_code" time="27.181"/><testcase classname="MSK_APP.Test.VarificationCode" name="Home_page" time="5.441"/></testsuite>