<?xml version="1.0" encoding="UTF-8" standalone="yes"?><testsuite errors="0" failures="0" hostName="Mac-1673948663430.local" name="JSystem Reporter" tests="8" time="246.633" timeStamp="Tue Jan 17 09:51:42 UTC 2023"><testcase classname="MSK_APP.General" name="StartApp" time="153.559"/><testcase classname="MSK_APP.Test.Phone_verification" name="Click_country_picker" time="37.472"/><testcase classname="MSK_APP.Test.Phone_verification" name="Select_country" time="7.91"/><testcase classname="MSK_APP.Test.Phone_verification" name="click_select_region" time="6.269"/><testcase classname="MSK_APP.Test.Phone_verification" name="Enter_phone_number" time="9.351"/><testcase classname="MSK_APP.Test.Phone_verification" name="click_Get_code_button" time="6.166"/><testcase classname="MSK_APP.Test.VarificationCode" name="Enter_code" time="11.979"/><testcase classname="MSK_APP.Test.VarificationCode" name="Home_page" time="9.613"/></testsuite>