<?xml version="1.0" encoding="UTF-8" standalone="yes"?><testsuite errors="0" failures="0" hostName="Mac-1673532654362.local" name="JSystem Reporter" tests="8" time="156.229" timeStamp="Thu Jan 12 15:27:18 UTC 2023"><testcase classname="MSK_APP.General" name="StartApp" time="61.204"/><testcase classname="MSK_APP.Test.Phone_verification" name="Click_country_picker" time="23.74"/><testcase classname="MSK_APP.Test.Phone_verification" name="Select_country" time="7.141"/><testcase classname="MSK_APP.Test.Phone_verification" name="click_select_region" time="5.223"/><testcase classname="MSK_APP.Test.Phone_verification" name="Enter_phone_number" time="8.872"/><testcase classname="MSK_APP.Test.Phone_verification" name="click_Get_code_button" time="5.759"/><testcase classname="MSK_APP.Test.VarificationCode" name="Enter_code" time="25.516"/><testcase classname="MSK_APP.Test.VarificationCode" name="Home_page" time="15.994"/></testsuite>